<?xml version="1.0" encoding="UTF-8"?>
<robot generator="Robot 6.1.1 (Python 3.12.1 on darwin)" generated="20231220 15:30:44.336" rpa="false" schemaversion="4">
<suite id="s1" name="Amazon" source="/Users/danychristeh/Documents/Development/Robot-Script/Amazon-Poject/tests/amazon.robot">
<test id="s1-t1" name="User can search for products" line="9">
<kw name="Open Browser" library="SeleniumLibrary">
<arg>https://www.amazon.com</arg>
<arg>chrome</arg>
<doc>Opens a new browser instance to the optional ``url``.</doc>
<msg timestamp="20231220 15:30:45.062" level="INFO">Opening browser 'chrome' to base url 'https://www.amazon.com'.</msg>
<status status="PASS" starttime="20231220 15:30:45.061" endtime="20231220 15:30:59.086"/>
</kw>
<kw name="Input Text" library="SeleniumLibrary">
<arg>id=twotabsearchtextbox</arg>
<arg>toys for babies 12-18 months</arg>
<doc>Types the given ``text`` into the text field identified by ``locator``.</doc>
<msg timestamp="20231220 15:30:59.146" level="INFO">Typing text 'toys for babies 12-18 months' into text field 'id=twotabsearchtextbox'.</msg>
<status status="PASS" starttime="20231220 15:30:59.126" endtime="20231220 15:31:04.415"/>
</kw>
<kw name="Click Button" library="SeleniumLibrary">
<arg>xpath=//*[@id="nav-search"]/form/div[2]div/input</arg>
<doc>Clicks the button identified by ``locator``.</doc>
<msg timestamp="20231220 15:31:04.416" level="INFO">Clicking button 'xpath=//*[@id="nav-search"]/form/div[2]div/input'.</msg>
<msg timestamp="20231220 15:31:06.999" level="INFO" html="true">&lt;/td&gt;&lt;/tr&gt;&lt;tr&gt;&lt;td colspan="3"&gt;&lt;a href="selenium-screenshot-1.png"&gt;&lt;img src="selenium-screenshot-1.png" width="800px"&gt;&lt;/a&gt;</msg>
<msg timestamp="20231220 15:31:07.000" level="FAIL">InvalidSelectorException: Message: invalid selector: Unable to locate an element with the xpath expression //*[@id="nav-search"]/form/div[2]div/input because of the following error:
TypeError: Failed to execute 'evaluate' on 'Document': The result is not a node set, and therefore cannot be converted to the desired type.
  (Session info: chrome=120.0.6099.129); For documentation on this error, please visit: https://www.selenium.dev/documentation/webdriver/troubleshooting/errors#invalid-selector-exception
Stacktrace:
0   chromedriver                        0x000000010f0f6cc8 chromedriver + 4844744
1   chromedriver                        0x000000010f0ee243 chromedriver + 4809283
2   chromedriver                        0x000000010ecbc77d chromedriver + 411517
3   chromedriver                        0x000000010ecc2c90 chromedriver + 437392
4   chromedriver                        0x000000010ecc5407 chromedriver + 447495
5   chromedriver                        0x000000010ecc556c chromedriver + 447852
6   chromedriver                        0x000000010ed0ccee chromedriver + 740590
7   chromedriver                        0x000000010ed0d091 chromedriver + 741521
8   chromedriver                        0x000000010ed58af1 chromedriver + 1051377
9   chromedriver                        0x000000010ed36ced chromedriver + 912621
10  chromedriver                        0x000000010ed55d42 chromedriver + 1039682
11  chromedriver                        0x000000010ed36a63 chromedriver + 911971
12  chromedriver                        0x000000010ecfe1b3 chromedriver + 680371
13  chromedriver                        0x000000010ecff7ce chromedriver + 686030
14  chromedriver                        0x000000010f0b6642 chromedriver + 4580930
15  chromedriver                        0x000000010f0bb9cc chromedriver + 4602316
16  chromedriver                        0x000000010f09be11 chromedriver + 4472337
17  chromedriver                        0x000000010f0bc746 chromedriver + 4605766
18  chromedriver                        0x000000010f08d39c chromedriver + 4412316
19  chromedriver                        0x000000010f0dc868 chromedriver + 4737128
20  chromedriver                        0x000000010f0dca1e chromedriver + 4737566
21  chromedriver                        0x000000010f0ede83 chromedriver + 4808323
22  libsystem_pthread.dylib             0x00007ff801ff31d3 _pthread_start + 125
23  libsystem_pthread.dylib             0x00007ff801feebd3 thread_start + 15
</msg>
<status status="FAIL" starttime="20231220 15:31:04.415" endtime="20231220 15:31:07.040"/>
</kw>
<kw name="Wait Until Page Contains" library="SeleniumLibrary">
<arg>results for "toys for babies 12-18 months"</arg>
<doc>Waits until ``text`` appears on the current page.</doc>
<status status="NOT RUN" starttime="20231220 15:31:07.040" endtime="20231220 15:31:07.040"/>
</kw>
<kw name="Close Browser" library="SeleniumLibrary">
<doc>Closes the current browser.</doc>
<status status="NOT RUN" starttime="20231220 15:31:07.041" endtime="20231220 15:31:07.041"/>
</kw>
<doc>This is some information about the test</doc>
<tag>Smoke</tag>
<status status="FAIL" starttime="20231220 15:30:45.059" endtime="20231220 15:31:07.043">InvalidSelectorException: Message: invalid selector: Unable to locate an element with the xpath expression //*[@id="nav-search"]/form/div[2]div/input because of the following error:
TypeError: Failed to execute 'evaluate' on 'Document': The result is not a node set, and therefore cannot be converted to the desired type.
  (Session info: chrome=120.0.6099.129); For documentation on this error, please visit: https://www.selenium.dev/documentation/webdriver/troubleshooting/errors#invalid-selector-exception
Stacktrace:
0   chromedriver                        0x000000010f0f6cc8 chromedriver + 4844744
1   chromedriver                        0x000000010f0ee243 chromedriver + 4809283
2   chromedriver                        0x000000010ecbc77d chromedriver + 411517
3   chromedriver                        0x000000010ecc2c90 chromedriver + 437392
4   chromedriver                        0x000000010ecc5407 chromedriver + 447495
5   chromedriver                        0x000000010ecc556c chromedriver + 4...
    [ Message content over the limit has been removed. ]
...hromedriver                        0x000000010ecff7ce chromedriver + 686030
14  chromedriver                        0x000000010f0b6642 chromedriver + 4580930
15  chromedriver                        0x000000010f0bb9cc chromedriver + 4602316
16  chromedriver                        0x000000010f09be11 chromedriver + 4472337
17  chromedriver                        0x000000010f0bc746 chromedriver + 4605766
18  chromedriver                        0x000000010f08d39c chromedriver + 4412316
19  chromedriver                        0x000000010f0dc868 chromedriver + 4737128
20  chromedriver                        0x000000010f0dca1e chromedriver + 4737566
21  chromedriver                        0x000000010f0ede83 chromedriver + 4808323
22  libsystem_pthread.dylib             0x00007ff801ff31d3 _pthread_start + 125
23  libsystem_pthread.dylib             0x00007ff801feebd3 thread_start + 15</status>
</test>
<test id="s1-t2" name="User can view a product" line="18">
<kw name="Open Browser" library="SeleniumLibrary">
<arg>https://www.amazon.com</arg>
<arg>chrome</arg>
<doc>Opens a new browser instance to the optional ``url``.</doc>
<msg timestamp="20231220 15:31:07.060" level="INFO">Opening browser 'chrome' to base url 'https://www.amazon.com'.</msg>
<status status="PASS" starttime="20231220 15:31:07.058" endtime="20231220 15:31:19.604"/>
</kw>
<kw name="Input Text" library="SeleniumLibrary">
<arg>id=twotabsearchtextbox</arg>
<arg>toys for babies 12-18 months</arg>
<doc>Types the given ``text`` into the text field identified by ``locator``.</doc>
<msg timestamp="20231220 15:31:19.607" level="INFO">Typing text 'toys for babies 12-18 months' into text field 'id=twotabsearchtextbox'.</msg>
<status status="PASS" starttime="20231220 15:31:19.605" endtime="20231220 15:31:25.219"/>
</kw>
<kw name="Click Button" library="SeleniumLibrary">
<arg>xpath=//*[@id="nav-search"]/form/div[2]div/input</arg>
<doc>Clicks the button identified by ``locator``.</doc>
<msg timestamp="20231220 15:31:25.220" level="INFO">Clicking button 'xpath=//*[@id="nav-search"]/form/div[2]div/input'.</msg>
<msg timestamp="20231220 15:31:27.626" level="INFO" html="true">&lt;/td&gt;&lt;/tr&gt;&lt;tr&gt;&lt;td colspan="3"&gt;&lt;a href="selenium-screenshot-2.png"&gt;&lt;img src="selenium-screenshot-2.png" width="800px"&gt;&lt;/a&gt;</msg>
<msg timestamp="20231220 15:31:27.627" level="FAIL">InvalidSelectorException: Message: invalid selector: Unable to locate an element with the xpath expression //*[@id="nav-search"]/form/div[2]div/input because of the following error:
TypeError: Failed to execute 'evaluate' on 'Document': The result is not a node set, and therefore cannot be converted to the desired type.
  (Session info: chrome=120.0.6099.129); For documentation on this error, please visit: https://www.selenium.dev/documentation/webdriver/troubleshooting/errors#invalid-selector-exception
Stacktrace:
0   chromedriver                        0x000000010e568cc8 chromedriver + 4844744
1   chromedriver                        0x000000010e560243 chromedriver + 4809283
2   chromedriver                        0x000000010e12e77d chromedriver + 411517
3   chromedriver                        0x000000010e134c90 chromedriver + 437392
4   chromedriver                        0x000000010e137407 chromedriver + 447495
5   chromedriver                        0x000000010e13756c chromedriver + 447852
6   chromedriver                        0x000000010e17ecee chromedriver + 740590
7   chromedriver                        0x000000010e17f091 chromedriver + 741521
8   chromedriver                        0x000000010e1caaf1 chromedriver + 1051377
9   chromedriver                        0x000000010e1a8ced chromedriver + 912621
10  chromedriver                        0x000000010e1c7d42 chromedriver + 1039682
11  chromedriver                        0x000000010e1a8a63 chromedriver + 911971
12  chromedriver                        0x000000010e1701b3 chromedriver + 680371
13  chromedriver                        0x000000010e1717ce chromedriver + 686030
14  chromedriver                        0x000000010e528642 chromedriver + 4580930
15  chromedriver                        0x000000010e52d9cc chromedriver + 4602316
16  chromedriver                        0x000000010e50de11 chromedriver + 4472337
17  chromedriver                        0x000000010e52e746 chromedriver + 4605766
18  chromedriver                        0x000000010e4ff39c chromedriver + 4412316
19  chromedriver                        0x000000010e54e868 chromedriver + 4737128
20  chromedriver                        0x000000010e54ea1e chromedriver + 4737566
21  chromedriver                        0x000000010e55fe83 chromedriver + 4808323
22  libsystem_pthread.dylib             0x00007ff801ff31d3 _pthread_start + 125
23  libsystem_pthread.dylib             0x00007ff801feebd3 thread_start + 15
</msg>
<status status="FAIL" starttime="20231220 15:31:25.219" endtime="20231220 15:31:27.629"/>
</kw>
<kw name="Wait Until Page Contains" library="SeleniumLibrary">
<arg>results for "toys for babies 12-18 months"</arg>
<doc>Waits until ``text`` appears on the current page.</doc>
<status status="NOT RUN" starttime="20231220 15:31:27.629" endtime="20231220 15:31:27.630"/>
</kw>
<kw name="Click Link" library="SeleniumLibrary">
<arg>css=#result_0 a.s-access-detail-page</arg>
<doc>Clicks a link identified by ``locator``.</doc>
<status status="NOT RUN" starttime="20231220 15:31:27.630" endtime="20231220 15:31:27.630"/>
</kw>
<kw name="Wait Until Page Contains" library="SeleniumLibrary">
<arg>Back to search results</arg>
<doc>Waits until ``text`` appears on the current page.</doc>
<status status="NOT RUN" starttime="20231220 15:31:27.630" endtime="20231220 15:31:27.630"/>
</kw>
<kw name="Close Browser" library="SeleniumLibrary">
<doc>Closes the current browser.</doc>
<status status="NOT RUN" starttime="20231220 15:31:27.630" endtime="20231220 15:31:27.630"/>
</kw>
<doc>This is some information about the test</doc>
<tag>Smoke</tag>
<status status="FAIL" starttime="20231220 15:31:07.056" endtime="20231220 15:31:27.631">InvalidSelectorException: Message: invalid selector: Unable to locate an element with the xpath expression //*[@id="nav-search"]/form/div[2]div/input because of the following error:
TypeError: Failed to execute 'evaluate' on 'Document': The result is not a node set, and therefore cannot be converted to the desired type.
  (Session info: chrome=120.0.6099.129); For documentation on this error, please visit: https://www.selenium.dev/documentation/webdriver/troubleshooting/errors#invalid-selector-exception
Stacktrace:
0   chromedriver                        0x000000010e568cc8 chromedriver + 4844744
1   chromedriver                        0x000000010e560243 chromedriver + 4809283
2   chromedriver                        0x000000010e12e77d chromedriver + 411517
3   chromedriver                        0x000000010e134c90 chromedriver + 437392
4   chromedriver                        0x000000010e137407 chromedriver + 447495
5   chromedriver                        0x000000010e13756c chromedriver + 4...
    [ Message content over the limit has been removed. ]
...hromedriver                        0x000000010e1717ce chromedriver + 686030
14  chromedriver                        0x000000010e528642 chromedriver + 4580930
15  chromedriver                        0x000000010e52d9cc chromedriver + 4602316
16  chromedriver                        0x000000010e50de11 chromedriver + 4472337
17  chromedriver                        0x000000010e52e746 chromedriver + 4605766
18  chromedriver                        0x000000010e4ff39c chromedriver + 4412316
19  chromedriver                        0x000000010e54e868 chromedriver + 4737128
20  chromedriver                        0x000000010e54ea1e chromedriver + 4737566
21  chromedriver                        0x000000010e55fe83 chromedriver + 4808323
22  libsystem_pthread.dylib             0x00007ff801ff31d3 _pthread_start + 125
23  libsystem_pthread.dylib             0x00007ff801feebd3 thread_start + 15</status>
</test>
<test id="s1-t3" name="User can add product to cart" line="29">
<kw name="Open Browser" library="SeleniumLibrary">
<arg>https://www.amazon.com</arg>
<arg>chrome</arg>
<doc>Opens a new browser instance to the optional ``url``.</doc>
<msg timestamp="20231220 15:31:27.643" level="INFO">Opening browser 'chrome' to base url 'https://www.amazon.com'.</msg>
<status status="PASS" starttime="20231220 15:31:27.642" endtime="20231220 15:31:41.049"/>
</kw>
<kw name="Input Text" library="SeleniumLibrary">
<arg>id=twotabsearchtextbox</arg>
<arg>toys for babies 12-18 months</arg>
<doc>Types the given ``text`` into the text field identified by ``locator``.</doc>
<msg timestamp="20231220 15:31:41.051" level="INFO">Typing text 'toys for babies 12-18 months' into text field 'id=twotabsearchtextbox'.</msg>
<status status="PASS" starttime="20231220 15:31:41.050" endtime="20231220 15:31:47.214"/>
</kw>
<kw name="Click Button" library="SeleniumLibrary">
<arg>xpath=//*[@id="nav-search"]/form/div[2]/div/input</arg>
<doc>Clicks the button identified by ``locator``.</doc>
<msg timestamp="20231220 15:31:47.217" level="INFO">Clicking button 'xpath=//*[@id="nav-search"]/form/div[2]/div/input'.</msg>
<status status="PASS" starttime="20231220 15:31:47.214" endtime="20231220 15:31:49.106"/>
</kw>
<kw name="Wait Until Page Contains" library="SeleniumLibrary">
<arg>results for "toys for babies 12-18 months"</arg>
<doc>Waits until ``text`` appears on the current page.</doc>
<msg timestamp="20231220 15:31:55.554" level="INFO" html="true">&lt;/td&gt;&lt;/tr&gt;&lt;tr&gt;&lt;td colspan="3"&gt;&lt;a href="selenium-screenshot-3.png"&gt;&lt;img src="selenium-screenshot-3.png" width="800px"&gt;&lt;/a&gt;</msg>
<msg timestamp="20231220 15:31:55.555" level="FAIL">Text 'results for "toys for babies 12-18 months"' did not appear in 5 seconds.</msg>
<status status="FAIL" starttime="20231220 15:31:49.106" endtime="20231220 15:31:55.567"/>
</kw>
<kw name="Click Link" library="SeleniumLibrary">
<arg>css=#result_0 a.s-access-detail-page</arg>
<doc>Clicks a link identified by ``locator``.</doc>
<status status="NOT RUN" starttime="20231220 15:31:55.569" endtime="20231220 15:31:55.569"/>
</kw>
<kw name="Wait Until Page Contains" library="SeleniumLibrary">
<arg>Back to search results</arg>
<doc>Waits until ``text`` appears on the current page.</doc>
<status status="NOT RUN" starttime="20231220 15:31:55.569" endtime="20231220 15:31:55.570"/>
</kw>
<kw name="Click Button" library="SeleniumLibrary">
<arg>id=add-to-cart-button</arg>
<doc>Clicks the button identified by ``locator``.</doc>
<status status="NOT RUN" starttime="20231220 15:31:55.571" endtime="20231220 15:31:55.571"/>
</kw>
<kw name="Wait Until Page Contains" library="SeleniumLibrary">
<arg>1 item added to Cart</arg>
<doc>Waits until ``text`` appears on the current page.</doc>
<status status="NOT RUN" starttime="20231220 15:31:55.571" endtime="20231220 15:31:55.571"/>
</kw>
<kw name="Close Browser" library="SeleniumLibrary">
<doc>Closes the current browser.</doc>
<status status="NOT RUN" starttime="20231220 15:31:55.572" endtime="20231220 15:31:55.572"/>
</kw>
<doc>This is some basic info about the test</doc>
<tag>Smoke</tag>
<status status="FAIL" starttime="20231220 15:31:27.640" endtime="20231220 15:31:55.573">Text 'results for "toys for babies 12-18 months"' did not appear in 5 seconds.</status>
</test>
<test id="s1-t4" name="User must sign in to check out" line="41">
<kw name="Open Browser" library="SeleniumLibrary">
<arg>https://www.amazon.com</arg>
<arg>chrome</arg>
<doc>Opens a new browser instance to the optional ``url``.</doc>
<msg timestamp="20231220 15:31:55.578" level="INFO">Opening browser 'chrome' to base url 'https://www.amazon.com'.</msg>
<status status="PASS" starttime="20231220 15:31:55.576" endtime="20231220 15:32:10.299"/>
</kw>
<kw name="Input Text" library="SeleniumLibrary">
<arg>id=twotabsearchtextbox</arg>
<arg>toys for babies 12-18 months</arg>
<doc>Types the given ``text`` into the text field identified by ``locator``.</doc>
<msg timestamp="20231220 15:32:10.304" level="INFO">Typing text 'toys for babies 12-18 months' into text field 'id=twotabsearchtextbox'.</msg>
<status status="PASS" starttime="20231220 15:32:10.301" endtime="20231220 15:32:19.027"/>
</kw>
<kw name="Click Button" library="SeleniumLibrary">
<arg>xpath=//*[@id="nav-search"]/form/div[2]/div/input</arg>
<doc>Clicks the button identified by ``locator``.</doc>
<msg timestamp="20231220 15:32:19.028" level="INFO">Clicking button 'xpath=//*[@id="nav-search"]/form/div[2]/div/input'.</msg>
<status status="PASS" starttime="20231220 15:32:19.027" endtime="20231220 15:32:20.867"/>
</kw>
<kw name="Wait Until Page Contains" library="SeleniumLibrary">
<arg>results for "toys for babies 12-18 months"</arg>
<doc>Waits until ``text`` appears on the current page.</doc>
<msg timestamp="20231220 15:32:27.353" level="INFO" html="true">&lt;/td&gt;&lt;/tr&gt;&lt;tr&gt;&lt;td colspan="3"&gt;&lt;a href="selenium-screenshot-4.png"&gt;&lt;img src="selenium-screenshot-4.png" width="800px"&gt;&lt;/a&gt;</msg>
<msg timestamp="20231220 15:32:27.353" level="FAIL">Text 'results for "toys for babies 12-18 months"' did not appear in 5 seconds.</msg>
<status status="FAIL" starttime="20231220 15:32:20.867" endtime="20231220 15:32:27.354"/>
</kw>
<kw name="Click Link" library="SeleniumLibrary">
<arg>css=#result_0 a.s-access-detail-page</arg>
<doc>Clicks a link identified by ``locator``.</doc>
<status status="NOT RUN" starttime="20231220 15:32:27.355" endtime="20231220 15:32:27.355"/>
</kw>
<kw name="Wait Until Page Contains" library="SeleniumLibrary">
<arg>Back to search results</arg>
<doc>Waits until ``text`` appears on the current page.</doc>
<status status="NOT RUN" starttime="20231220 15:32:27.355" endtime="20231220 15:32:27.355"/>
</kw>
<kw name="Click Button" library="SeleniumLibrary">
<arg>id=add-to-cart-button</arg>
<doc>Clicks the button identified by ``locator``.</doc>
<status status="NOT RUN" starttime="20231220 15:32:27.355" endtime="20231220 15:32:27.355"/>
</kw>
<kw name="Wait Until Page Contains" library="SeleniumLibrary">
<arg>1 item added to Cart</arg>
<doc>Waits until ``text`` appears on the current page.</doc>
<status status="NOT RUN" starttime="20231220 15:32:27.355" endtime="20231220 15:32:27.355"/>
</kw>
<kw name="Click Link" library="SeleniumLibrary">
<arg>Proceed to Checkout</arg>
<doc>Clicks a link identified by ``locator``.</doc>
<status status="NOT RUN" starttime="20231220 15:32:27.356" endtime="20231220 15:32:27.356"/>
</kw>
<kw name="Page Should Contain Element" library="SeleniumLibrary">
<arg>ap_signin1a_pagelet_title</arg>
<doc>Verifies that element ``locator`` is found on the current page.</doc>
<status status="NOT RUN" starttime="20231220 15:32:27.356" endtime="20231220 15:32:27.356"/>
</kw>
<kw name="Element Text Should Be" library="SeleniumLibrary">
<arg>ap_signin1a_pagelet_title</arg>
<arg>Sign In</arg>
<doc>Verifies that element ``locator`` contains exact the text ``expected``.</doc>
<status status="NOT RUN" starttime="20231220 15:32:27.356" endtime="20231220 15:32:27.356"/>
</kw>
<kw name="Close Browser" library="SeleniumLibrary">
<doc>Closes the current browser.</doc>
<status status="NOT RUN" starttime="20231220 15:32:27.356" endtime="20231220 15:32:27.356"/>
</kw>
<doc>This is some basic info about the test</doc>
<tag>Smoke</tag>
<status status="FAIL" starttime="20231220 15:31:55.574" endtime="20231220 15:32:27.356">Text 'results for "toys for babies 12-18 months"' did not appear in 5 seconds.</status>
</test>
<doc>This is some information about the whole suite</doc>
<status status="FAIL" starttime="20231220 15:30:44.345" endtime="20231220 15:32:27.358"/>
</suite>
<statistics>
<total>
<stat pass="0" fail="4" skip="0">All Tests</stat>
</total>
<tag>
<stat pass="0" fail="4" skip="0">Smoke</stat>
</tag>
<suite>
<stat pass="0" fail="4" skip="0" id="s1" name="Amazon">Amazon</stat>
</suite>
</statistics>
<errors>
</errors>
</robot>
